<?xml version="1.0" encoding="UTF-8"?>
<!-- Generated by org.testng.reporters.JUnitReportReporter -->
<testsuite hostname="LAPTOP-I1C33N4T" failures="0" tests="1" name="com.actitime.task1.LoginToActitimeTest" time="16.524" errors="0" timestamp="2023-07-18T12:41:56 IST" skipped="0">
  <testcase classname="com.actitime.task1.LoginToActitimeTest" name="loginToHomePageTest" time="16.524"/>
  <system-out>
    <![CDATA[Homepage is  displayed]]>
  </system-out>
</testsuite> <!-- com.actitime.task1.LoginToActitimeTest -->
