<?xml version="1.0" encoding="UTF-8"?>
<!-- Generated by org.testng.reporters.JUnitReportReporter -->
<testsuite hostname="LAPTOP-I1C33N4T" failures="0" tests="1" name="com.actitime.task1.LoginToActitimeTest" time="20.220" errors="0" timestamp="2023-07-17T20:48:58 IST" skipped="0">
  <testcase classname="com.actitime.task1.LoginToActitimeTest" name="loginToHomePageTest" time="20.220"/>
  <system-out/>
</testsuite> <!-- com.actitime.task1.LoginToActitimeTest -->
