<?xml version="1.0" encoding="UTF-8"?>
<!-- Generated by org.testng.reporters.JUnitReportReporter -->
<testsuite hostname="LAPTOP-I1C33N4T" failures="0" tests="1" name="practice.PracticeAssertion" time="0.018" errors="0" timestamp="2023-07-17T20:53:28 IST" skipped="0">
  <testcase classname="practice.PracticeAssertion" name="test" time="0.018"/>
  <system-out>
    <![CDATA[PASS]]>
  </system-out>
</testsuite> <!-- practice.PracticeAssertion -->
